<?xml version="1.0" encoding="UTF-8"?>
<!-- Generated by org.testng.reporters.JUnitXMLReporter -->
<testsuite ignored="0" hostname="DESKTOP-L4VQFKD" failures="0" tests="3" name="Scenario2" time="23.101" errors="0" timestamp="2021-06-08T18:51:19 IST">
  <testcase classname="com.testscenarios.HotelBooking" name="selectHotels" time="2.046"/>
  <testcase classname="com.testscenarios.HotelBooking" name="verifyTitle" time="0.007"/>
  <testcase classname="com.testscenarios.HotelBooking" name="getNoAdults" time="1.509"/>
</testsuite> <!-- Scenario2 -->
