<?xml version="1.0" encoding="UTF-8"?>
<!-- Generated by org.testng.reporters.JUnitXMLReporter -->
<testsuite ignored="0" hostname="DESKTOP-L4VQFKD" failures="0" tests="11" name="Scenario1" time="95.079" errors="0" timestamp="2021-06-09T14:53:20 IST">
  <testcase classname="com.testscenarios.CabBooking" name="readExcelFile" time="5.748"/>
  <testcase classname="com.testscenarios.CabBooking" name="selectCabs" time="5.809"/>
  <testcase classname="com.testscenarios.CabBooking" name="setSourceCity" time="4.661"/>
  <testcase classname="com.testscenarios.CabBooking" name="verifyTitle" time="0.026"/>
  <testcase classname="com.testscenarios.CabBooking" name="setDestinationCity" time="1.002"/>
  <testcase classname="com.testscenarios.CabBooking" name="setDepartureDate" time="0.766"/>
  <testcase classname="com.testscenarios.CabBooking" name="selectTime" time="2.561"/>
  <testcase classname="com.testscenarios.CabBooking" name="clickSearchButton" time="16.258"/>
  <testcase classname="com.testscenarios.CabBooking" name="setCabType" time="8.014"/>
  <testcase classname="com.testscenarios.CabBooking" name="setSortByOption" time="0.649"/>
  <testcase classname="com.testscenarios.CabBooking" name="getLowestPrice" time="1.093"/>
</testsuite> <!-- Scenario1 -->
