<?xml version="1.0" encoding="UTF-8"?>
<!-- Generated by org.testng.reporters.JUnitXMLReporter -->
<testsuite ignored="0" hostname="DESKTOP-L4VQFKD" failures="0" tests="11" name="Scenario1" time="48.333" errors="0" timestamp="2021-06-08T18:50:56 IST">
  <testcase classname="com.testscenarios.CabBooking" name="readExcelFile" time="3.228"/>
  <testcase classname="com.testscenarios.CabBooking" name="selectCabs" time="3.388"/>
  <testcase classname="com.testscenarios.CabBooking" name="setSourceCity" time="1.187"/>
  <testcase classname="com.testscenarios.CabBooking" name="verifyTitle" time="0.023"/>
  <testcase classname="com.testscenarios.CabBooking" name="setDestinationCity" time="0.892"/>
  <testcase classname="com.testscenarios.CabBooking" name="setDepartureDate" time="0.46"/>
  <testcase classname="com.testscenarios.CabBooking" name="selectTime" time="2.313"/>
  <testcase classname="com.testscenarios.CabBooking" name="clickSearchButton" time="6.819"/>
  <testcase classname="com.testscenarios.CabBooking" name="setCabType" time="2.433"/>
  <testcase classname="com.testscenarios.CabBooking" name="setSortByOption" time="0.64"/>
  <testcase classname="com.testscenarios.CabBooking" name="getLowestPrice" time="0.691"/>
</testsuite> <!-- Scenario1 -->
