<?xml version="1.0" encoding="UTF-8"?>
<!-- Generated by org.testng.reporters.JUnitXMLReporter -->
<testsuite ignored="0" hostname="DESKTOP-L4VQFKD" failures="0" tests="5" name="Scenario3" time="55.153" errors="0" timestamp="2021-06-08T18:52:14 IST">
  <testcase classname="com.testscenarios.GiftCardValidation" name="clickGiftCard" time="14.069"/>
  <testcase classname="com.testscenarios.GiftCardValidation" name="verifyTitle" time="0.014"/>
  <testcase classname="com.testscenarios.GiftCardValidation" name="switchToGiftCard" time="0.087"/>
  <testcase classname="com.testscenarios.GiftCardValidation" name="validateForm" time="11.778"/>
  <testcase classname="com.testscenarios.GiftCardValidation" name="validateReceiverDetails" time="0.122"/>
</testsuite> <!-- Scenario3 -->
