<?xml version="1.0" encoding="UTF-8"?>
<!-- Generated by org.testng.reporters.JUnitXMLReporter -->
<testsuite ignored="0" hostname="DESKTOP-L4VQFKD" failures="0" tests="3" name="Scenario2" time="30.144" errors="0" timestamp="2021-06-09T14:53:50 IST">
  <testcase classname="com.testscenarios.HotelBooking" name="selectHotels" time="2.327"/>
  <testcase classname="com.testscenarios.HotelBooking" name="verifyTitle" time="0.011"/>
  <testcase classname="com.testscenarios.HotelBooking" name="getNoAdults" time="2.114"/>
</testsuite> <!-- Scenario2 -->
