<?xml version="1.0" encoding="UTF-8"?>
<!-- Generated by org.testng.reporters.JUnitXMLReporter -->
<testsuite ignored="0" hostname="DESKTOP-L4VQFKD" failures="0" tests="5" name="Scenario3" time="56.041" errors="0" timestamp="2021-06-09T14:54:46 IST">
  <testcase classname="com.testscenarios.GiftCardValidation" name="clickGiftCard" time="4.414"/>
  <testcase classname="com.testscenarios.GiftCardValidation" name="verifyTitle" time="0.063"/>
  <testcase classname="com.testscenarios.GiftCardValidation" name="switchToGiftCard" time="0.079"/>
  <testcase classname="com.testscenarios.GiftCardValidation" name="validateForm" time="15.205"/>
  <testcase classname="com.testscenarios.GiftCardValidation" name="validateReceiverDetails" time="0.105"/>
</testsuite> <!-- Scenario3 -->
