<?xml version="1.0" encoding="UTF-8"?>
<testng-results ignored="0" total="19" passed="19" failed="0" skipped="0">
  <reporter-output>
  </reporter-output>
  <suite started-at="2021-06-08T18:50:08 IST" name="Functional Testing" finished-at="2021-06-08T18:52:14 IST" duration-ms="126646">
    <groups>
      <group name="Regression">
        <method signature="CabBooking.selectCabs()[pri:1, instance:com.testscenarios.CabBooking@192c3f1e]" name="selectCabs" class="com.testscenarios.CabBooking"/>
        <method signature="CabBooking.selectTime()[pri:6, instance:com.testscenarios.CabBooking@192c3f1e]" name="selectTime" class="com.testscenarios.CabBooking"/>
        <method signature="CabBooking.setDepartureDate()[pri:5, instance:com.testscenarios.CabBooking@192c3f1e]" name="setDepartureDate" class="com.testscenarios.CabBooking"/>
        <method signature="CabBooking.setDestinationCity()[pri:4, instance:com.testscenarios.CabBooking@192c3f1e]" name="setDestinationCity" class="com.testscenarios.CabBooking"/>
        <method signature="CabBooking.setSourceCity()[pri:2, instance:com.testscenarios.CabBooking@192c3f1e]" name="setSourceCity" class="com.testscenarios.CabBooking"/>
        <method signature="CabBooking.verifyTitle()[pri:2, instance:com.testscenarios.CabBooking@192c3f1e]" name="verifyTitle" class="com.testscenarios.CabBooking"/>
        <method signature="HotelBooking.getNoAdults()[pri:2, instance:com.testscenarios.HotelBooking@2638011]" name="getNoAdults" class="com.testscenarios.HotelBooking"/>
        <method signature="HotelBooking.selectHotels()[pri:0, instance:com.testscenarios.HotelBooking@2638011]" name="selectHotels" class="com.testscenarios.HotelBooking"/>
        <method signature="HotelBooking.verifyTitle()[pri:1, instance:com.testscenarios.HotelBooking@2638011]" name="verifyTitle" class="com.testscenarios.HotelBooking"/>
        <method signature="GiftCardValidation.validateForm()[pri:5, instance:com.testscenarios.GiftCardValidation@21b2e768]" name="validateForm" class="com.testscenarios.GiftCardValidation"/>
        <method signature="GiftCardValidation.validateReceiverDetails()[pri:6, instance:com.testscenarios.GiftCardValidation@21b2e768]" name="validateReceiverDetails" class="com.testscenarios.GiftCardValidation"/>
        <method signature="GiftCardValidation.verifyTitle()[pri:3, instance:com.testscenarios.GiftCardValidation@21b2e768]" name="verifyTitle" class="com.testscenarios.GiftCardValidation"/>
      </group> <!-- Regression -->
      <group name="Smoke">
        <method signature="CabBooking.clickSearchButton()[pri:7, instance:com.testscenarios.CabBooking@192c3f1e]" name="clickSearchButton" class="com.testscenarios.CabBooking"/>
        <method signature="CabBooking.getLowestPrice()[pri:10, instance:com.testscenarios.CabBooking@192c3f1e]" name="getLowestPrice" class="com.testscenarios.CabBooking"/>
        <method signature="CabBooking.selectTime()[pri:6, instance:com.testscenarios.CabBooking@192c3f1e]" name="selectTime" class="com.testscenarios.CabBooking"/>
        <method signature="CabBooking.setCabType()[pri:8, instance:com.testscenarios.CabBooking@192c3f1e]" name="setCabType" class="com.testscenarios.CabBooking"/>
        <method signature="CabBooking.setDepartureDate()[pri:5, instance:com.testscenarios.CabBooking@192c3f1e]" name="setDepartureDate" class="com.testscenarios.CabBooking"/>
        <method signature="CabBooking.setDestinationCity()[pri:4, instance:com.testscenarios.CabBooking@192c3f1e]" name="setDestinationCity" class="com.testscenarios.CabBooking"/>
        <method signature="CabBooking.setSortByOption()[pri:9, instance:com.testscenarios.CabBooking@192c3f1e]" name="setSortByOption" class="com.testscenarios.CabBooking"/>
        <method signature="CabBooking.setSourceCity()[pri:2, instance:com.testscenarios.CabBooking@192c3f1e]" name="setSourceCity" class="com.testscenarios.CabBooking"/>
        <method signature="HotelBooking.getNoAdults()[pri:2, instance:com.testscenarios.HotelBooking@2638011]" name="getNoAdults" class="com.testscenarios.HotelBooking"/>
        <method signature="GiftCardValidation.clickGiftCard()[pri:2, instance:com.testscenarios.GiftCardValidation@21b2e768]" name="clickGiftCard" class="com.testscenarios.GiftCardValidation"/>
        <method signature="GiftCardValidation.switchToGiftCard()[pri:4, instance:com.testscenarios.GiftCardValidation@21b2e768]" name="switchToGiftCard" class="com.testscenarios.GiftCardValidation"/>
        <method signature="GiftCardValidation.validateForm()[pri:5, instance:com.testscenarios.GiftCardValidation@21b2e768]" name="validateForm" class="com.testscenarios.GiftCardValidation"/>
        <method signature="GiftCardValidation.validateReceiverDetails()[pri:6, instance:com.testscenarios.GiftCardValidation@21b2e768]" name="validateReceiverDetails" class="com.testscenarios.GiftCardValidation"/>
      </group> <!-- Smoke -->
    </groups>
    <test started-at="2021-06-08T18:50:08 IST" name="Scenario1" finished-at="2021-06-08T18:50:56 IST" duration-ms="48333">
      <class name="com.testscenarios.CabBooking">
        <test-method is-config="true" signature="driverConfig()[pri:0, instance:com.testscenarios.CabBooking@192c3f1e]" started-at="2021-06-08T18:50:08 IST" name="driverConfig" finished-at="2021-06-08T18:50:31 IST" duration-ms="23567" status="PASS">
          <reporter-output>
          </reporter-output>
        </test-method> <!-- driverConfig -->
        <test-method signature="readExcelFile()[pri:0, instance:com.testscenarios.CabBooking@192c3f1e]" started-at="2021-06-08T18:50:31 IST" name="readExcelFile" finished-at="2021-06-08T18:50:35 IST" duration-ms="3228" status="PASS">
          <reporter-output>
          </reporter-output>
        </test-method> <!-- readExcelFile -->
        <test-method is-config="true" signature="tearDown(org.testng.ITestResult)[pri:0, instance:com.testscenarios.CabBooking@192c3f1e]" started-at="2021-06-08T18:50:35 IST" name="tearDown" finished-at="2021-06-08T18:50:35 IST" duration-ms="42" status="PASS">
          <params>
            <param index="0">
              <value>
                <![CDATA[[TestResult name=readExcelFile status=SUCCESS method=CabBooking.readExcelFile()[pri:0, instance:com.testscenarios.CabBooking@192c3f1e] output={null}]]]>
              </value>
            </param>
          </params>
          <reporter-output>
          </reporter-output>
        </test-method> <!-- tearDown -->
        <test-method signature="selectCabs()[pri:1, instance:com.testscenarios.CabBooking@192c3f1e]" started-at="2021-06-08T18:50:35 IST" name="selectCabs" finished-at="2021-06-08T18:50:38 IST" duration-ms="3388" status="PASS">
          <reporter-output>
          </reporter-output>
        </test-method> <!-- selectCabs -->
        <test-method is-config="true" signature="tearDown(org.testng.ITestResult)[pri:0, instance:com.testscenarios.CabBooking@192c3f1e]" started-at="2021-06-08T18:50:38 IST" name="tearDown" finished-at="2021-06-08T18:50:39 IST" duration-ms="1004" status="PASS">
          <params>
            <param index="0">
              <value>
                <![CDATA[[TestResult name=selectCabs status=SUCCESS method=CabBooking.selectCabs()[pri:1, instance:com.testscenarios.CabBooking@192c3f1e] output={null}]]]>
              </value>
            </param>
          </params>
          <reporter-output>
          </reporter-output>
        </test-method> <!-- tearDown -->
        <test-method signature="setSourceCity()[pri:2, instance:com.testscenarios.CabBooking@192c3f1e]" started-at="2021-06-08T18:50:39 IST" name="setSourceCity" finished-at="2021-06-08T18:50:40 IST" duration-ms="1187" status="PASS">
          <reporter-output>
          </reporter-output>
        </test-method> <!-- setSourceCity -->
        <test-method is-config="true" signature="tearDown(org.testng.ITestResult)[pri:0, instance:com.testscenarios.CabBooking@192c3f1e]" started-at="2021-06-08T18:50:40 IST" name="tearDown" finished-at="2021-06-08T18:50:40 IST" duration-ms="17" status="PASS">
          <params>
            <param index="0">
              <value>
                <![CDATA[[TestResult name=setSourceCity status=SUCCESS method=CabBooking.setSourceCity()[pri:2, instance:com.testscenarios.CabBooking@192c3f1e] output={null}]]]>
              </value>
            </param>
          </params>
          <reporter-output>
          </reporter-output>
        </test-method> <!-- tearDown -->
        <test-method signature="verifyTitle()[pri:2, instance:com.testscenarios.CabBooking@192c3f1e]" started-at="2021-06-08T18:50:40 IST" name="verifyTitle" finished-at="2021-06-08T18:50:40 IST" duration-ms="23" status="PASS">
          <reporter-output>
          </reporter-output>
        </test-method> <!-- verifyTitle -->
        <test-method is-config="true" signature="tearDown(org.testng.ITestResult)[pri:0, instance:com.testscenarios.CabBooking@192c3f1e]" started-at="2021-06-08T18:50:40 IST" name="tearDown" finished-at="2021-06-08T18:50:40 IST" duration-ms="16" status="PASS">
          <params>
            <param index="0">
              <value>
                <![CDATA[[TestResult name=verifyTitle status=SUCCESS method=CabBooking.verifyTitle()[pri:2, instance:com.testscenarios.CabBooking@192c3f1e] output={null}]]]>
              </value>
            </param>
          </params>
          <reporter-output>
          </reporter-output>
        </test-method> <!-- tearDown -->
        <test-method signature="setDestinationCity()[pri:4, instance:com.testscenarios.CabBooking@192c3f1e]" started-at="2021-06-08T18:50:40 IST" name="setDestinationCity" finished-at="2021-06-08T18:50:41 IST" duration-ms="892" status="PASS">
          <reporter-output>
          </reporter-output>
        </test-method> <!-- setDestinationCity -->
        <test-method is-config="true" signature="tearDown(org.testng.ITestResult)[pri:0, instance:com.testscenarios.CabBooking@192c3f1e]" started-at="2021-06-08T18:50:41 IST" name="tearDown" finished-at="2021-06-08T18:50:41 IST" duration-ms="20" status="PASS">
          <params>
            <param index="0">
              <value>
                <![CDATA[[TestResult name=setDestinationCity status=SUCCESS method=CabBooking.setDestinationCity()[pri:4, instance:com.testscenarios.CabBooking@192c3f1e] output={null}]]]>
              </value>
            </param>
          </params>
          <reporter-output>
          </reporter-output>
        </test-method> <!-- tearDown -->
        <test-method signature="setDepartureDate()[pri:5, instance:com.testscenarios.CabBooking@192c3f1e]" started-at="2021-06-08T18:50:41 IST" name="setDepartureDate" finished-at="2021-06-08T18:50:42 IST" duration-ms="460" status="PASS">
          <reporter-output>
          </reporter-output>
        </test-method> <!-- setDepartureDate -->
        <test-method is-config="true" signature="tearDown(org.testng.ITestResult)[pri:0, instance:com.testscenarios.CabBooking@192c3f1e]" started-at="2021-06-08T18:50:42 IST" name="tearDown" finished-at="2021-06-08T18:50:42 IST" duration-ms="23" status="PASS">
          <params>
            <param index="0">
              <value>
                <![CDATA[[TestResult name=setDepartureDate status=SUCCESS method=CabBooking.setDepartureDate()[pri:5, instance:com.testscenarios.CabBooking@192c3f1e] output={null}]]]>
              </value>
            </param>
          </params>
          <reporter-output>
          </reporter-output>
        </test-method> <!-- tearDown -->
        <test-method signature="selectTime()[pri:6, instance:com.testscenarios.CabBooking@192c3f1e]" started-at="2021-06-08T18:50:42 IST" name="selectTime" finished-at="2021-06-08T18:50:44 IST" duration-ms="2313" status="PASS">
          <reporter-output>
          </reporter-output>
        </test-method> <!-- selectTime -->
        <test-method is-config="true" signature="tearDown(org.testng.ITestResult)[pri:0, instance:com.testscenarios.CabBooking@192c3f1e]" started-at="2021-06-08T18:50:44 IST" name="tearDown" finished-at="2021-06-08T18:50:44 IST" duration-ms="38" status="PASS">
          <params>
            <param index="0">
              <value>
                <![CDATA[[TestResult name=selectTime status=SUCCESS method=CabBooking.selectTime()[pri:6, instance:com.testscenarios.CabBooking@192c3f1e] output={null}]]]>
              </value>
            </param>
          </params>
          <reporter-output>
          </reporter-output>
        </test-method> <!-- tearDown -->
        <test-method signature="clickSearchButton()[pri:7, instance:com.testscenarios.CabBooking@192c3f1e]" started-at="2021-06-08T18:50:44 IST" name="clickSearchButton" finished-at="2021-06-08T18:50:51 IST" duration-ms="6819" status="PASS">
          <reporter-output>
          </reporter-output>
        </test-method> <!-- clickSearchButton -->
        <test-method is-config="true" signature="tearDown(org.testng.ITestResult)[pri:0, instance:com.testscenarios.CabBooking@192c3f1e]" started-at="2021-06-08T18:50:51 IST" name="tearDown" finished-at="2021-06-08T18:50:51 IST" duration-ms="126" status="PASS">
          <params>
            <param index="0">
              <value>
                <![CDATA[[TestResult name=clickSearchButton status=SUCCESS method=CabBooking.clickSearchButton()[pri:7, instance:com.testscenarios.CabBooking@192c3f1e] output={null}]]]>
              </value>
            </param>
          </params>
          <reporter-output>
          </reporter-output>
        </test-method> <!-- tearDown -->
        <test-method signature="setCabType()[pri:8, instance:com.testscenarios.CabBooking@192c3f1e]" started-at="2021-06-08T18:50:51 IST" name="setCabType" finished-at="2021-06-08T18:50:54 IST" duration-ms="2433" status="PASS">
          <reporter-output>
          </reporter-output>
        </test-method> <!-- setCabType -->
        <test-method is-config="true" signature="tearDown(org.testng.ITestResult)[pri:0, instance:com.testscenarios.CabBooking@192c3f1e]" started-at="2021-06-08T18:50:54 IST" name="tearDown" finished-at="2021-06-08T18:50:54 IST" duration-ms="21" status="PASS">
          <params>
            <param index="0">
              <value>
                <![CDATA[[TestResult name=setCabType status=SUCCESS method=CabBooking.setCabType()[pri:8, instance:com.testscenarios.CabBooking@192c3f1e] output={null}]]]>
              </value>
            </param>
          </params>
          <reporter-output>
          </reporter-output>
        </test-method> <!-- tearDown -->
        <test-method signature="setSortByOption()[pri:9, instance:com.testscenarios.CabBooking@192c3f1e]" started-at="2021-06-08T18:50:54 IST" name="setSortByOption" finished-at="2021-06-08T18:50:54 IST" duration-ms="640" status="PASS">
          <reporter-output>
          </reporter-output>
        </test-method> <!-- setSortByOption -->
        <test-method is-config="true" signature="tearDown(org.testng.ITestResult)[pri:0, instance:com.testscenarios.CabBooking@192c3f1e]" started-at="2021-06-08T18:50:54 IST" name="tearDown" finished-at="2021-06-08T18:50:54 IST" duration-ms="11" status="PASS">
          <params>
            <param index="0">
              <value>
                <![CDATA[[TestResult name=setSortByOption status=SUCCESS method=CabBooking.setSortByOption()[pri:9, instance:com.testscenarios.CabBooking@192c3f1e] output={null}]]]>
              </value>
            </param>
          </params>
          <reporter-output>
          </reporter-output>
        </test-method> <!-- tearDown -->
        <test-method signature="getLowestPrice()[pri:10, instance:com.testscenarios.CabBooking@192c3f1e]" started-at="2021-06-08T18:50:54 IST" name="getLowestPrice" finished-at="2021-06-08T18:50:55 IST" duration-ms="691" status="PASS">
          <reporter-output>
          </reporter-output>
        </test-method> <!-- getLowestPrice -->
        <test-method is-config="true" signature="tearDown(org.testng.ITestResult)[pri:0, instance:com.testscenarios.CabBooking@192c3f1e]" started-at="2021-06-08T18:50:55 IST" name="tearDown" finished-at="2021-06-08T18:50:55 IST" duration-ms="21" status="PASS">
          <params>
            <param index="0">
              <value>
                <![CDATA[[TestResult name=getLowestPrice status=SUCCESS method=CabBooking.getLowestPrice()[pri:10, instance:com.testscenarios.CabBooking@192c3f1e] output={null}]]]>
              </value>
            </param>
          </params>
          <reporter-output>
          </reporter-output>
        </test-method> <!-- tearDown -->
        <test-method is-config="true" signature="tearDown()[pri:0, instance:com.testscenarios.CabBooking@192c3f1e]" started-at="2021-06-08T18:50:55 IST" name="tearDown" finished-at="2021-06-08T18:50:56 IST" duration-ms="1289" status="PASS">
          <reporter-output>
          </reporter-output>
        </test-method> <!-- tearDown -->
      </class> <!-- com.testscenarios.CabBooking -->
    </test> <!-- Scenario1 -->
    <test started-at="2021-06-08T18:50:56 IST" name="Scenario2" finished-at="2021-06-08T18:51:19 IST" duration-ms="23101">
      <class name="com.testscenarios.HotelBooking">
        <test-method is-config="true" signature="driverConfig()[pri:0, instance:com.testscenarios.HotelBooking@2638011]" started-at="2021-06-08T18:50:56 IST" name="driverConfig" finished-at="2021-06-08T18:51:14 IST" duration-ms="18177" status="PASS">
          <reporter-output>
          </reporter-output>
        </test-method> <!-- driverConfig -->
        <test-method signature="selectHotels()[pri:0, instance:com.testscenarios.HotelBooking@2638011]" started-at="2021-06-08T18:51:14 IST" name="selectHotels" finished-at="2021-06-08T18:51:16 IST" duration-ms="2046" status="PASS">
          <reporter-output>
          </reporter-output>
        </test-method> <!-- selectHotels -->
        <test-method is-config="true" signature="tearDown(org.testng.ITestResult)[pri:0, instance:com.testscenarios.HotelBooking@2638011]" started-at="2021-06-08T18:51:16 IST" name="tearDown" finished-at="2021-06-08T18:51:16 IST" duration-ms="0" status="PASS">
          <params>
            <param index="0">
              <value>
                <![CDATA[[TestResult name=selectHotels status=SUCCESS method=HotelBooking.selectHotels()[pri:0, instance:com.testscenarios.HotelBooking@2638011] output={null}]]]>
              </value>
            </param>
          </params>
          <reporter-output>
          </reporter-output>
        </test-method> <!-- tearDown -->
        <test-method signature="verifyTitle()[pri:1, instance:com.testscenarios.HotelBooking@2638011]" started-at="2021-06-08T18:51:16 IST" name="verifyTitle" finished-at="2021-06-08T18:51:16 IST" duration-ms="7" status="PASS">
          <reporter-output>
          </reporter-output>
        </test-method> <!-- verifyTitle -->
        <test-method is-config="true" signature="tearDown(org.testng.ITestResult)[pri:0, instance:com.testscenarios.HotelBooking@2638011]" started-at="2021-06-08T18:51:16 IST" name="tearDown" finished-at="2021-06-08T18:51:16 IST" duration-ms="1" status="PASS">
          <params>
            <param index="0">
              <value>
                <![CDATA[[TestResult name=verifyTitle status=SUCCESS method=HotelBooking.verifyTitle()[pri:1, instance:com.testscenarios.HotelBooking@2638011] output={null}]]]>
              </value>
            </param>
          </params>
          <reporter-output>
          </reporter-output>
        </test-method> <!-- tearDown -->
        <test-method signature="getNoAdults()[pri:2, instance:com.testscenarios.HotelBooking@2638011]" started-at="2021-06-08T18:51:16 IST" name="getNoAdults" finished-at="2021-06-08T18:51:18 IST" duration-ms="1509" status="PASS">
          <reporter-output>
          </reporter-output>
        </test-method> <!-- getNoAdults -->
        <test-method is-config="true" signature="tearDown(org.testng.ITestResult)[pri:0, instance:com.testscenarios.HotelBooking@2638011]" started-at="2021-06-08T18:51:18 IST" name="tearDown" finished-at="2021-06-08T18:51:18 IST" duration-ms="1" status="PASS">
          <params>
            <param index="0">
              <value>
                <![CDATA[[TestResult name=getNoAdults status=SUCCESS method=HotelBooking.getNoAdults()[pri:2, instance:com.testscenarios.HotelBooking@2638011] output={null}]]]>
              </value>
            </param>
          </params>
          <reporter-output>
          </reporter-output>
        </test-method> <!-- tearDown -->
        <test-method is-config="true" signature="tearDown()[pri:0, instance:com.testscenarios.HotelBooking@2638011]" started-at="2021-06-08T18:51:18 IST" name="tearDown" finished-at="2021-06-08T18:51:19 IST" duration-ms="1355" status="PASS">
          <reporter-output>
          </reporter-output>
        </test-method> <!-- tearDown -->
      </class> <!-- com.testscenarios.HotelBooking -->
    </test> <!-- Scenario2 -->
    <test started-at="2021-06-08T18:51:19 IST" name="Scenario3" finished-at="2021-06-08T18:52:14 IST" duration-ms="55153">
      <class name="com.testscenarios.GiftCardValidation">
        <test-method is-config="true" signature="driverConfig()[pri:0, instance:com.testscenarios.GiftCardValidation@21b2e768]" started-at="2021-06-08T18:51:19 IST" name="driverConfig" finished-at="2021-06-08T18:51:47 IST" duration-ms="27833" status="PASS">
          <reporter-output>
          </reporter-output>
        </test-method> <!-- driverConfig -->
        <test-method signature="clickGiftCard()[pri:2, instance:com.testscenarios.GiftCardValidation@21b2e768]" started-at="2021-06-08T18:51:47 IST" name="clickGiftCard" finished-at="2021-06-08T18:52:01 IST" duration-ms="14069" status="PASS">
          <reporter-output>
          </reporter-output>
        </test-method> <!-- clickGiftCard -->
        <test-method signature="verifyTitle()[pri:3, instance:com.testscenarios.GiftCardValidation@21b2e768]" started-at="2021-06-08T18:52:01 IST" name="verifyTitle" finished-at="2021-06-08T18:52:01 IST" duration-ms="14" status="PASS">
          <reporter-output>
          </reporter-output>
        </test-method> <!-- verifyTitle -->
        <test-method signature="switchToGiftCard()[pri:4, instance:com.testscenarios.GiftCardValidation@21b2e768]" started-at="2021-06-08T18:52:01 IST" name="switchToGiftCard" finished-at="2021-06-08T18:52:01 IST" duration-ms="87" status="PASS">
          <reporter-output>
          </reporter-output>
        </test-method> <!-- switchToGiftCard -->
        <test-method signature="validateForm()[pri:5, instance:com.testscenarios.GiftCardValidation@21b2e768]" started-at="2021-06-08T18:52:01 IST" name="validateForm" finished-at="2021-06-08T18:52:13 IST" duration-ms="11778" status="PASS">
          <reporter-output>
          </reporter-output>
        </test-method> <!-- validateForm -->
        <test-method signature="validateReceiverDetails()[pri:6, instance:com.testscenarios.GiftCardValidation@21b2e768]" started-at="2021-06-08T18:52:13 IST" name="validateReceiverDetails" finished-at="2021-06-08T18:52:13 IST" duration-ms="122" status="PASS">
          <reporter-output>
          </reporter-output>
        </test-method> <!-- validateReceiverDetails -->
        <test-method is-config="true" signature="tearDown()[pri:0, instance:com.testscenarios.GiftCardValidation@21b2e768]" started-at="2021-06-08T18:52:13 IST" name="tearDown" finished-at="2021-06-08T18:52:14 IST" duration-ms="1246" status="PASS">
          <reporter-output>
          </reporter-output>
        </test-method> <!-- tearDown -->
      </class> <!-- com.testscenarios.GiftCardValidation -->
    </test> <!-- Scenario3 -->
  </suite> <!-- Functional Testing -->
</testng-results>
