<?xml version="1.0" encoding="UTF-8"?>
<testng-results ignored="0" total="19" passed="19" failed="0" skipped="0">
  <reporter-output>
  </reporter-output>
  <suite started-at="2021-06-09T14:51:45 IST" name="Functional Testing" finished-at="2021-06-09T14:54:46 IST" duration-ms="181441">
    <groups>
      <group name="Regression">
        <method signature="CabBooking.selectCabs()[pri:1, instance:com.testscenarios.CabBooking@f79e]" name="selectCabs" class="com.testscenarios.CabBooking"/>
        <method signature="CabBooking.selectTime()[pri:6, instance:com.testscenarios.CabBooking@f79e]" name="selectTime" class="com.testscenarios.CabBooking"/>
        <method signature="CabBooking.setDepartureDate()[pri:5, instance:com.testscenarios.CabBooking@f79e]" name="setDepartureDate" class="com.testscenarios.CabBooking"/>
        <method signature="CabBooking.setDestinationCity()[pri:4, instance:com.testscenarios.CabBooking@f79e]" name="setDestinationCity" class="com.testscenarios.CabBooking"/>
        <method signature="CabBooking.setSourceCity()[pri:2, instance:com.testscenarios.CabBooking@f79e]" name="setSourceCity" class="com.testscenarios.CabBooking"/>
        <method signature="CabBooking.verifyTitle()[pri:2, instance:com.testscenarios.CabBooking@f79e]" name="verifyTitle" class="com.testscenarios.CabBooking"/>
        <method signature="HotelBooking.getNoAdults()[pri:2, instance:com.testscenarios.HotelBooking@6e509ffa]" name="getNoAdults" class="com.testscenarios.HotelBooking"/>
        <method signature="HotelBooking.selectHotels()[pri:0, instance:com.testscenarios.HotelBooking@6e509ffa]" name="selectHotels" class="com.testscenarios.HotelBooking"/>
        <method signature="HotelBooking.verifyTitle()[pri:1, instance:com.testscenarios.HotelBooking@6e509ffa]" name="verifyTitle" class="com.testscenarios.HotelBooking"/>
        <method signature="GiftCardValidation.validateForm()[pri:5, instance:com.testscenarios.GiftCardValidation@175b9425]" name="validateForm" class="com.testscenarios.GiftCardValidation"/>
        <method signature="GiftCardValidation.validateReceiverDetails()[pri:6, instance:com.testscenarios.GiftCardValidation@175b9425]" name="validateReceiverDetails" class="com.testscenarios.GiftCardValidation"/>
        <method signature="GiftCardValidation.verifyTitle()[pri:3, instance:com.testscenarios.GiftCardValidation@175b9425]" name="verifyTitle" class="com.testscenarios.GiftCardValidation"/>
      </group> <!-- Regression -->
      <group name="Smoke">
        <method signature="CabBooking.clickSearchButton()[pri:7, instance:com.testscenarios.CabBooking@f79e]" name="clickSearchButton" class="com.testscenarios.CabBooking"/>
        <method signature="CabBooking.getLowestPrice()[pri:10, instance:com.testscenarios.CabBooking@f79e]" name="getLowestPrice" class="com.testscenarios.CabBooking"/>
        <method signature="CabBooking.selectTime()[pri:6, instance:com.testscenarios.CabBooking@f79e]" name="selectTime" class="com.testscenarios.CabBooking"/>
        <method signature="CabBooking.setCabType()[pri:8, instance:com.testscenarios.CabBooking@f79e]" name="setCabType" class="com.testscenarios.CabBooking"/>
        <method signature="CabBooking.setDepartureDate()[pri:5, instance:com.testscenarios.CabBooking@f79e]" name="setDepartureDate" class="com.testscenarios.CabBooking"/>
        <method signature="CabBooking.setDestinationCity()[pri:4, instance:com.testscenarios.CabBooking@f79e]" name="setDestinationCity" class="com.testscenarios.CabBooking"/>
        <method signature="CabBooking.setSortByOption()[pri:9, instance:com.testscenarios.CabBooking@f79e]" name="setSortByOption" class="com.testscenarios.CabBooking"/>
        <method signature="CabBooking.setSourceCity()[pri:2, instance:com.testscenarios.CabBooking@f79e]" name="setSourceCity" class="com.testscenarios.CabBooking"/>
        <method signature="HotelBooking.getNoAdults()[pri:2, instance:com.testscenarios.HotelBooking@6e509ffa]" name="getNoAdults" class="com.testscenarios.HotelBooking"/>
        <method signature="GiftCardValidation.clickGiftCard()[pri:2, instance:com.testscenarios.GiftCardValidation@175b9425]" name="clickGiftCard" class="com.testscenarios.GiftCardValidation"/>
        <method signature="GiftCardValidation.switchToGiftCard()[pri:4, instance:com.testscenarios.GiftCardValidation@175b9425]" name="switchToGiftCard" class="com.testscenarios.GiftCardValidation"/>
        <method signature="GiftCardValidation.validateForm()[pri:5, instance:com.testscenarios.GiftCardValidation@175b9425]" name="validateForm" class="com.testscenarios.GiftCardValidation"/>
        <method signature="GiftCardValidation.validateReceiverDetails()[pri:6, instance:com.testscenarios.GiftCardValidation@175b9425]" name="validateReceiverDetails" class="com.testscenarios.GiftCardValidation"/>
      </group> <!-- Smoke -->
    </groups>
    <test started-at="2021-06-09T14:51:45 IST" name="Scenario1" finished-at="2021-06-09T14:53:20 IST" duration-ms="95079">
      <class name="com.testscenarios.CabBooking">
        <test-method is-config="true" signature="driverConfig()[pri:0, instance:com.testscenarios.CabBooking@f79e]" started-at="2021-06-09T14:51:45 IST" name="driverConfig" finished-at="2021-06-09T14:52:30 IST" duration-ms="45345" status="PASS">
          <reporter-output>
          </reporter-output>
        </test-method> <!-- driverConfig -->
        <test-method signature="readExcelFile()[pri:0, instance:com.testscenarios.CabBooking@f79e]" started-at="2021-06-09T14:52:30 IST" name="readExcelFile" finished-at="2021-06-09T14:52:36 IST" duration-ms="5748" status="PASS">
          <reporter-output>
          </reporter-output>
        </test-method> <!-- readExcelFile -->
        <test-method is-config="true" signature="tearDown(org.testng.ITestResult)[pri:0, instance:com.testscenarios.CabBooking@f79e]" started-at="2021-06-09T14:52:36 IST" name="tearDown" finished-at="2021-06-09T14:52:36 IST" duration-ms="31" status="PASS">
          <params>
            <param index="0">
              <value>
                <![CDATA[[TestResult name=readExcelFile status=SUCCESS method=CabBooking.readExcelFile()[pri:0, instance:com.testscenarios.CabBooking@f79e] output={null}]]]>
              </value>
            </param>
          </params>
          <reporter-output>
          </reporter-output>
        </test-method> <!-- tearDown -->
        <test-method signature="selectCabs()[pri:1, instance:com.testscenarios.CabBooking@f79e]" started-at="2021-06-09T14:52:36 IST" name="selectCabs" finished-at="2021-06-09T14:52:42 IST" duration-ms="5809" status="PASS">
          <reporter-output>
          </reporter-output>
        </test-method> <!-- selectCabs -->
        <test-method is-config="true" signature="tearDown(org.testng.ITestResult)[pri:0, instance:com.testscenarios.CabBooking@f79e]" started-at="2021-06-09T14:52:42 IST" name="tearDown" finished-at="2021-06-09T14:52:43 IST" duration-ms="1230" status="PASS">
          <params>
            <param index="0">
              <value>
                <![CDATA[[TestResult name=selectCabs status=SUCCESS method=CabBooking.selectCabs()[pri:1, instance:com.testscenarios.CabBooking@f79e] output={null}]]]>
              </value>
            </param>
          </params>
          <reporter-output>
          </reporter-output>
        </test-method> <!-- tearDown -->
        <test-method signature="setSourceCity()[pri:2, instance:com.testscenarios.CabBooking@f79e]" started-at="2021-06-09T14:52:43 IST" name="setSourceCity" finished-at="2021-06-09T14:52:48 IST" duration-ms="4661" status="PASS">
          <reporter-output>
          </reporter-output>
        </test-method> <!-- setSourceCity -->
        <test-method is-config="true" signature="tearDown(org.testng.ITestResult)[pri:0, instance:com.testscenarios.CabBooking@f79e]" started-at="2021-06-09T14:52:48 IST" name="tearDown" finished-at="2021-06-09T14:52:48 IST" duration-ms="17" status="PASS">
          <params>
            <param index="0">
              <value>
                <![CDATA[[TestResult name=setSourceCity status=SUCCESS method=CabBooking.setSourceCity()[pri:2, instance:com.testscenarios.CabBooking@f79e] output={null}]]]>
              </value>
            </param>
          </params>
          <reporter-output>
          </reporter-output>
        </test-method> <!-- tearDown -->
        <test-method signature="verifyTitle()[pri:2, instance:com.testscenarios.CabBooking@f79e]" started-at="2021-06-09T14:52:48 IST" name="verifyTitle" finished-at="2021-06-09T14:52:48 IST" duration-ms="26" status="PASS">
          <reporter-output>
          </reporter-output>
        </test-method> <!-- verifyTitle -->
        <test-method is-config="true" signature="tearDown(org.testng.ITestResult)[pri:0, instance:com.testscenarios.CabBooking@f79e]" started-at="2021-06-09T14:52:48 IST" name="tearDown" finished-at="2021-06-09T14:52:48 IST" duration-ms="19" status="PASS">
          <params>
            <param index="0">
              <value>
                <![CDATA[[TestResult name=verifyTitle status=SUCCESS method=CabBooking.verifyTitle()[pri:2, instance:com.testscenarios.CabBooking@f79e] output={null}]]]>
              </value>
            </param>
          </params>
          <reporter-output>
          </reporter-output>
        </test-method> <!-- tearDown -->
        <test-method signature="setDestinationCity()[pri:4, instance:com.testscenarios.CabBooking@f79e]" started-at="2021-06-09T14:52:48 IST" name="setDestinationCity" finished-at="2021-06-09T14:52:49 IST" duration-ms="1002" status="PASS">
          <reporter-output>
          </reporter-output>
        </test-method> <!-- setDestinationCity -->
        <test-method is-config="true" signature="tearDown(org.testng.ITestResult)[pri:0, instance:com.testscenarios.CabBooking@f79e]" started-at="2021-06-09T14:52:49 IST" name="tearDown" finished-at="2021-06-09T14:52:49 IST" duration-ms="39" status="PASS">
          <params>
            <param index="0">
              <value>
                <![CDATA[[TestResult name=setDestinationCity status=SUCCESS method=CabBooking.setDestinationCity()[pri:4, instance:com.testscenarios.CabBooking@f79e] output={null}]]]>
              </value>
            </param>
          </params>
          <reporter-output>
          </reporter-output>
        </test-method> <!-- tearDown -->
        <test-method signature="setDepartureDate()[pri:5, instance:com.testscenarios.CabBooking@f79e]" started-at="2021-06-09T14:52:49 IST" name="setDepartureDate" finished-at="2021-06-09T14:52:50 IST" duration-ms="766" status="PASS">
          <reporter-output>
          </reporter-output>
        </test-method> <!-- setDepartureDate -->
        <test-method is-config="true" signature="tearDown(org.testng.ITestResult)[pri:0, instance:com.testscenarios.CabBooking@f79e]" started-at="2021-06-09T14:52:50 IST" name="tearDown" finished-at="2021-06-09T14:52:50 IST" duration-ms="19" status="PASS">
          <params>
            <param index="0">
              <value>
                <![CDATA[[TestResult name=setDepartureDate status=SUCCESS method=CabBooking.setDepartureDate()[pri:5, instance:com.testscenarios.CabBooking@f79e] output={null}]]]>
              </value>
            </param>
          </params>
          <reporter-output>
          </reporter-output>
        </test-method> <!-- tearDown -->
        <test-method signature="selectTime()[pri:6, instance:com.testscenarios.CabBooking@f79e]" started-at="2021-06-09T14:52:50 IST" name="selectTime" finished-at="2021-06-09T14:52:52 IST" duration-ms="2561" status="PASS">
          <reporter-output>
          </reporter-output>
        </test-method> <!-- selectTime -->
        <test-method is-config="true" signature="tearDown(org.testng.ITestResult)[pri:0, instance:com.testscenarios.CabBooking@f79e]" started-at="2021-06-09T14:52:52 IST" name="tearDown" finished-at="2021-06-09T14:52:52 IST" duration-ms="13" status="PASS">
          <params>
            <param index="0">
              <value>
                <![CDATA[[TestResult name=selectTime status=SUCCESS method=CabBooking.selectTime()[pri:6, instance:com.testscenarios.CabBooking@f79e] output={null}]]]>
              </value>
            </param>
          </params>
          <reporter-output>
          </reporter-output>
        </test-method> <!-- tearDown -->
        <test-method signature="clickSearchButton()[pri:7, instance:com.testscenarios.CabBooking@f79e]" started-at="2021-06-09T14:52:52 IST" name="clickSearchButton" finished-at="2021-06-09T14:53:09 IST" duration-ms="16258" status="PASS">
          <reporter-output>
          </reporter-output>
        </test-method> <!-- clickSearchButton -->
        <test-method is-config="true" signature="tearDown(org.testng.ITestResult)[pri:0, instance:com.testscenarios.CabBooking@f79e]" started-at="2021-06-09T14:53:09 IST" name="tearDown" finished-at="2021-06-09T14:53:09 IST" duration-ms="119" status="PASS">
          <params>
            <param index="0">
              <value>
                <![CDATA[[TestResult name=clickSearchButton status=SUCCESS method=CabBooking.clickSearchButton()[pri:7, instance:com.testscenarios.CabBooking@f79e] output={null}]]]>
              </value>
            </param>
          </params>
          <reporter-output>
          </reporter-output>
        </test-method> <!-- tearDown -->
        <test-method signature="setCabType()[pri:8, instance:com.testscenarios.CabBooking@f79e]" started-at="2021-06-09T14:53:09 IST" name="setCabType" finished-at="2021-06-09T14:53:17 IST" duration-ms="8014" status="PASS">
          <reporter-output>
          </reporter-output>
        </test-method> <!-- setCabType -->
        <test-method is-config="true" signature="tearDown(org.testng.ITestResult)[pri:0, instance:com.testscenarios.CabBooking@f79e]" started-at="2021-06-09T14:53:17 IST" name="tearDown" finished-at="2021-06-09T14:53:17 IST" duration-ms="54" status="PASS">
          <params>
            <param index="0">
              <value>
                <![CDATA[[TestResult name=setCabType status=SUCCESS method=CabBooking.setCabType()[pri:8, instance:com.testscenarios.CabBooking@f79e] output={null}]]]>
              </value>
            </param>
          </params>
          <reporter-output>
          </reporter-output>
        </test-method> <!-- tearDown -->
        <test-method signature="setSortByOption()[pri:9, instance:com.testscenarios.CabBooking@f79e]" started-at="2021-06-09T14:53:17 IST" name="setSortByOption" finished-at="2021-06-09T14:53:17 IST" duration-ms="649" status="PASS">
          <reporter-output>
          </reporter-output>
        </test-method> <!-- setSortByOption -->
        <test-method is-config="true" signature="tearDown(org.testng.ITestResult)[pri:0, instance:com.testscenarios.CabBooking@f79e]" started-at="2021-06-09T14:53:17 IST" name="tearDown" finished-at="2021-06-09T14:53:17 IST" duration-ms="11" status="PASS">
          <params>
            <param index="0">
              <value>
                <![CDATA[[TestResult name=setSortByOption status=SUCCESS method=CabBooking.setSortByOption()[pri:9, instance:com.testscenarios.CabBooking@f79e] output={null}]]]>
              </value>
            </param>
          </params>
          <reporter-output>
          </reporter-output>
        </test-method> <!-- tearDown -->
        <test-method signature="getLowestPrice()[pri:10, instance:com.testscenarios.CabBooking@f79e]" started-at="2021-06-09T14:53:17 IST" name="getLowestPrice" finished-at="2021-06-09T14:53:18 IST" duration-ms="1093" status="PASS">
          <reporter-output>
          </reporter-output>
        </test-method> <!-- getLowestPrice -->
        <test-method is-config="true" signature="tearDown(org.testng.ITestResult)[pri:0, instance:com.testscenarios.CabBooking@f79e]" started-at="2021-06-09T14:53:18 IST" name="tearDown" finished-at="2021-06-09T14:53:19 IST" duration-ms="15" status="PASS">
          <params>
            <param index="0">
              <value>
                <![CDATA[[TestResult name=getLowestPrice status=SUCCESS method=CabBooking.getLowestPrice()[pri:10, instance:com.testscenarios.CabBooking@f79e] output={null}]]]>
              </value>
            </param>
          </params>
          <reporter-output>
          </reporter-output>
        </test-method> <!-- tearDown -->
        <test-method is-config="true" signature="tearDown()[pri:0, instance:com.testscenarios.CabBooking@f79e]" started-at="2021-06-09T14:53:19 IST" name="tearDown" finished-at="2021-06-09T14:53:20 IST" duration-ms="1482" status="PASS">
          <reporter-output>
          </reporter-output>
        </test-method> <!-- tearDown -->
      </class> <!-- com.testscenarios.CabBooking -->
    </test> <!-- Scenario1 -->
    <test started-at="2021-06-09T14:53:20 IST" name="Scenario2" finished-at="2021-06-09T14:53:50 IST" duration-ms="30144">
      <class name="com.testscenarios.HotelBooking">
        <test-method is-config="true" signature="driverConfig()[pri:0, instance:com.testscenarios.HotelBooking@6e509ffa]" started-at="2021-06-09T14:53:20 IST" name="driverConfig" finished-at="2021-06-09T14:53:44 IST" duration-ms="24090" status="PASS">
          <reporter-output>
          </reporter-output>
        </test-method> <!-- driverConfig -->
        <test-method signature="selectHotels()[pri:0, instance:com.testscenarios.HotelBooking@6e509ffa]" started-at="2021-06-09T14:53:44 IST" name="selectHotels" finished-at="2021-06-09T14:53:47 IST" duration-ms="2327" status="PASS">
          <reporter-output>
          </reporter-output>
        </test-method> <!-- selectHotels -->
        <test-method is-config="true" signature="tearDown(org.testng.ITestResult)[pri:0, instance:com.testscenarios.HotelBooking@6e509ffa]" started-at="2021-06-09T14:53:47 IST" name="tearDown" finished-at="2021-06-09T14:53:47 IST" duration-ms="0" status="PASS">
          <params>
            <param index="0">
              <value>
                <![CDATA[[TestResult name=selectHotels status=SUCCESS method=HotelBooking.selectHotels()[pri:0, instance:com.testscenarios.HotelBooking@6e509ffa] output={null}]]]>
              </value>
            </param>
          </params>
          <reporter-output>
          </reporter-output>
        </test-method> <!-- tearDown -->
        <test-method signature="verifyTitle()[pri:1, instance:com.testscenarios.HotelBooking@6e509ffa]" started-at="2021-06-09T14:53:47 IST" name="verifyTitle" finished-at="2021-06-09T14:53:47 IST" duration-ms="11" status="PASS">
          <reporter-output>
          </reporter-output>
        </test-method> <!-- verifyTitle -->
        <test-method is-config="true" signature="tearDown(org.testng.ITestResult)[pri:0, instance:com.testscenarios.HotelBooking@6e509ffa]" started-at="2021-06-09T14:53:47 IST" name="tearDown" finished-at="2021-06-09T14:53:47 IST" duration-ms="0" status="PASS">
          <params>
            <param index="0">
              <value>
                <![CDATA[[TestResult name=verifyTitle status=SUCCESS method=HotelBooking.verifyTitle()[pri:1, instance:com.testscenarios.HotelBooking@6e509ffa] output={null}]]]>
              </value>
            </param>
          </params>
          <reporter-output>
          </reporter-output>
        </test-method> <!-- tearDown -->
        <test-method signature="getNoAdults()[pri:2, instance:com.testscenarios.HotelBooking@6e509ffa]" started-at="2021-06-09T14:53:47 IST" name="getNoAdults" finished-at="2021-06-09T14:53:49 IST" duration-ms="2114" status="PASS">
          <reporter-output>
          </reporter-output>
        </test-method> <!-- getNoAdults -->
        <test-method is-config="true" signature="tearDown(org.testng.ITestResult)[pri:0, instance:com.testscenarios.HotelBooking@6e509ffa]" started-at="2021-06-09T14:53:49 IST" name="tearDown" finished-at="2021-06-09T14:53:49 IST" duration-ms="0" status="PASS">
          <params>
            <param index="0">
              <value>
                <![CDATA[[TestResult name=getNoAdults status=SUCCESS method=HotelBooking.getNoAdults()[pri:2, instance:com.testscenarios.HotelBooking@6e509ffa] output={null}]]]>
              </value>
            </param>
          </params>
          <reporter-output>
          </reporter-output>
        </test-method> <!-- tearDown -->
        <test-method is-config="true" signature="tearDown()[pri:0, instance:com.testscenarios.HotelBooking@6e509ffa]" started-at="2021-06-09T14:53:49 IST" name="tearDown" finished-at="2021-06-09T14:53:50 IST" duration-ms="1598" status="PASS">
          <reporter-output>
          </reporter-output>
        </test-method> <!-- tearDown -->
      </class> <!-- com.testscenarios.HotelBooking -->
    </test> <!-- Scenario2 -->
    <test started-at="2021-06-09T14:53:50 IST" name="Scenario3" finished-at="2021-06-09T14:54:46 IST" duration-ms="56041">
      <class name="com.testscenarios.GiftCardValidation">
        <test-method is-config="true" signature="driverConfig()[pri:0, instance:com.testscenarios.GiftCardValidation@175b9425]" started-at="2021-06-09T14:53:50 IST" name="driverConfig" finished-at="2021-06-09T14:54:25 IST" duration-ms="34408" status="PASS">
          <reporter-output>
          </reporter-output>
        </test-method> <!-- driverConfig -->
        <test-method signature="clickGiftCard()[pri:2, instance:com.testscenarios.GiftCardValidation@175b9425]" started-at="2021-06-09T14:54:25 IST" name="clickGiftCard" finished-at="2021-06-09T14:54:29 IST" duration-ms="4414" status="PASS">
          <reporter-output>
          </reporter-output>
        </test-method> <!-- clickGiftCard -->
        <test-method signature="verifyTitle()[pri:3, instance:com.testscenarios.GiftCardValidation@175b9425]" started-at="2021-06-09T14:54:29 IST" name="verifyTitle" finished-at="2021-06-09T14:54:29 IST" duration-ms="63" status="PASS">
          <reporter-output>
          </reporter-output>
        </test-method> <!-- verifyTitle -->
        <test-method signature="switchToGiftCard()[pri:4, instance:com.testscenarios.GiftCardValidation@175b9425]" started-at="2021-06-09T14:54:29 IST" name="switchToGiftCard" finished-at="2021-06-09T14:54:29 IST" duration-ms="79" status="PASS">
          <reporter-output>
          </reporter-output>
        </test-method> <!-- switchToGiftCard -->
        <test-method signature="validateForm()[pri:5, instance:com.testscenarios.GiftCardValidation@175b9425]" started-at="2021-06-09T14:54:29 IST" name="validateForm" finished-at="2021-06-09T14:54:44 IST" duration-ms="15205" status="PASS">
          <reporter-output>
          </reporter-output>
        </test-method> <!-- validateForm -->
        <test-method signature="validateReceiverDetails()[pri:6, instance:com.testscenarios.GiftCardValidation@175b9425]" started-at="2021-06-09T14:54:44 IST" name="validateReceiverDetails" finished-at="2021-06-09T14:54:45 IST" duration-ms="105" status="PASS">
          <reporter-output>
          </reporter-output>
        </test-method> <!-- validateReceiverDetails -->
        <test-method is-config="true" signature="tearDown()[pri:0, instance:com.testscenarios.GiftCardValidation@175b9425]" started-at="2021-06-09T14:54:45 IST" name="tearDown" finished-at="2021-06-09T14:54:46 IST" duration-ms="1761" status="PASS">
          <reporter-output>
          </reporter-output>
        </test-method> <!-- tearDown -->
      </class> <!-- com.testscenarios.GiftCardValidation -->
    </test> <!-- Scenario3 -->
  </suite> <!-- Functional Testing -->
</testng-results>
