<?xml version="1.0" encoding="UTF-8"?>
<testsuite xmlns:xsi="http://www.w3.org/2001/XMLSchema-instance" xsi:noNamespaceSchemaLocation="https://maven.apache.org/surefire/maven-surefire-plugin/xsd/surefire-test-report.xsd" name="TestSuite" time="127.418" tests="19" errors="0" skipped="0" failures="0">
  <properties>
[...]
</properties>
  <testcase name="readExcelFile" classname="com.testscenarios.CabBooking" time="3.229"/>
  <testcase name="selectCabs" classname="com.testscenarios.CabBooking" time="3.389"/>
  <testcase name="setSourceCity" classname="com.testscenarios.CabBooking" time="1.187"/>
  <testcase name="verifyTitle" classname="com.testscenarios.CabBooking" time="0.023"/>
  <testcase name="setDestinationCity" classname="com.testscenarios.CabBooking" time="0.892"/>
  <testcase name="setDepartureDate" classname="com.testscenarios.CabBooking" time="0.459"/>
  <testcase name="selectTime" classname="com.testscenarios.CabBooking" time="2.314"/>
  <testcase name="clickSearchButton" classname="com.testscenarios.CabBooking" time="6.825"/>
  <testcase name="setCabType" classname="com.testscenarios.CabBooking" time="2.433"/>
  <testcase name="setSortByOption" classname="com.testscenarios.CabBooking" time="0.637"/>
  <testcase name="getLowestPrice" classname="com.testscenarios.CabBooking" time="0.69"/>
  <testcase name="selectHotels" classname="com.testscenarios.HotelBooking" time="2.047"/>
  <testcase name="verifyTitle" classname="com.testscenarios.HotelBooking" time="0.007"/>
  <testcase name="getNoAdults" classname="com.testscenarios.HotelBooking" time="1.517"/>
  <testcase name="clickGiftCard" classname="com.testscenarios.GiftCardValidation" time="14.068"/>
  <testcase name="verifyTitle" classname="com.testscenarios.GiftCardValidation" time="0.013"/>
  <testcase name="switchToGiftCard" classname="com.testscenarios.GiftCardValidation" time="0.087"/>
  <testcase name="validateForm" classname="com.testscenarios.GiftCardValidation" time="11.778"/>
  <testcase name="validateReceiverDetails" classname="com.testscenarios.GiftCardValidation" time="0.115"/>
</testsuite>