<?xml version="1.0" encoding="UTF-8"?>
<testsuite xmlns:xsi="http://www.w3.org/2001/XMLSchema-instance" xsi:noNamespaceSchemaLocation="https://maven.apache.org/surefire/maven-surefire-plugin/xsd/surefire-test-report.xsd" name="TestSuite" time="183.068" tests="19" errors="0" skipped="0" failures="0">
  <properties>
[...]
</properties>
  <testcase name="readExcelFile" classname="com.testscenarios.CabBooking" time="5.749"/>
  <testcase name="selectCabs" classname="com.testscenarios.CabBooking" time="5.81"/>
  <testcase name="setSourceCity" classname="com.testscenarios.CabBooking" time="4.662"/>
  <testcase name="verifyTitle" classname="com.testscenarios.CabBooking" time="0.026"/>
  <testcase name="setDestinationCity" classname="com.testscenarios.CabBooking" time="1.003"/>
  <testcase name="setDepartureDate" classname="com.testscenarios.CabBooking" time="0.763"/>
  <testcase name="selectTime" classname="com.testscenarios.CabBooking" time="2.561"/>
  <testcase name="clickSearchButton" classname="com.testscenarios.CabBooking" time="16.265"/>
  <testcase name="setCabType" classname="com.testscenarios.CabBooking" time="8.009"/>
  <testcase name="setSortByOption" classname="com.testscenarios.CabBooking" time="0.65"/>
  <testcase name="getLowestPrice" classname="com.testscenarios.CabBooking" time="1.093"/>
  <testcase name="selectHotels" classname="com.testscenarios.HotelBooking" time="2.327"/>
  <testcase name="verifyTitle" classname="com.testscenarios.HotelBooking" time="0.012"/>
  <testcase name="getNoAdults" classname="com.testscenarios.HotelBooking" time="2.114"/>
  <testcase name="clickGiftCard" classname="com.testscenarios.GiftCardValidation" time="4.419"/>
  <testcase name="verifyTitle" classname="com.testscenarios.GiftCardValidation" time="0.058"/>
  <testcase name="switchToGiftCard" classname="com.testscenarios.GiftCardValidation" time="0.08"/>
  <testcase name="validateForm" classname="com.testscenarios.GiftCardValidation" time="15.205"/>
  <testcase name="validateReceiverDetails" classname="com.testscenarios.GiftCardValidation" time="0.104"/>
</testsuite>