<?xml version="1.0" encoding="UTF-8"?>
<!-- Generated by org.testng.reporters.JUnitXMLReporter -->
<testsuite ignored="0" hostname="LAPTOP-NH6RVP77" failures="1" tests="11" name="Default test" time="58.978" errors="0" timestamp="2021-06-03T22:59:23 IST">
  <testcase classname="com.testscenarios.CabBooking" name="readExcelFile" time="1.378"/>
  <testcase classname="com.testscenarios.CabBooking" name="selectCabs" time="2.248"/>
  <testcase classname="com.testscenarios.CabBooking" name="setSourceCity" time="0.786"/>
  <testcase classname="com.testscenarios.CabBooking" name="verifyTitle" time="0.009"/>
  <testcase classname="com.testscenarios.CabBooking" name="setDestinationCity" time="1.04"/>
  <testcase classname="com.testscenarios.CabBooking" name="setDepartureDate" time="30.878">
    <failure type="java.lang.NullPointerException" message="Cannot invoke &amp;quot;com.aventstack.extentreports.ExtentTest.log(com.aventstack.extentreports.Status, String)&amp;quot; because &amp;quot;com.userdefinedlibraries.FailReport.logger&amp;quot; is null">
      <![CDATA[java.lang.NullPointerException: Cannot invoke "com.aventstack.extentreports.ExtentTest.log(com.aventstack.extentreports.Status, String)" because "com.userdefinedlibraries.FailReport.logger" is null
at com.userdefinedlibraries.FailReport.reportFail(FailReport.java:19)
at com.testscenarios.CabBooking.setDepartureDate(CabBooking.java:164)
at java.base/jdk.internal.reflect.NativeMethodAccessorImpl.invoke0(Native Method)
at java.base/jdk.internal.reflect.NativeMethodAccessorImpl.invoke(NativeMethodAccessorImpl.java:64)
at java.base/jdk.internal.reflect.DelegatingMethodAccessorImpl.invoke(DelegatingMethodAccessorImpl.java:43)
at java.base/java.lang.reflect.Method.invoke(Method.java:564)
at org.testng.internal.MethodInvocationHelper.invokeMethod(MethodInvocationHelper.java:132)
at org.testng.internal.TestInvoker.invokeMethod(TestInvoker.java:599)
at org.testng.internal.TestInvoker.invokeTestMethod(TestInvoker.java:174)
at org.testng.internal.MethodRunner.runInSequence(MethodRunner.java:46)
at org.testng.internal.TestInvoker$MethodInvocationAgent.invoke(TestInvoker.java:822)
at org.testng.internal.TestInvoker.invokeTestMethods(TestInvoker.java:147)
at org.testng.internal.TestMethodWorker.invokeTestMethods(TestMethodWorker.java:146)
at org.testng.internal.TestMethodWorker.run(TestMethodWorker.java:128)
at java.base/java.util.ArrayList.forEach(ArrayList.java:1511)
at org.testng.TestRunner.privateRun(TestRunner.java:764)
at org.testng.TestRunner.run(TestRunner.java:585)
at org.testng.SuiteRunner.runTest(SuiteRunner.java:384)
at org.testng.SuiteRunner.runSequentially(SuiteRunner.java:378)
at org.testng.SuiteRunner.privateRun(SuiteRunner.java:337)
at org.testng.SuiteRunner.run(SuiteRunner.java:286)
at org.testng.SuiteRunnerWorker.runSuite(SuiteRunnerWorker.java:53)
at org.testng.SuiteRunnerWorker.run(SuiteRunnerWorker.java:96)
at org.testng.TestNG.runSuitesSequentially(TestNG.java:1218)
at org.testng.TestNG.runSuitesLocally(TestNG.java:1140)
at org.testng.TestNG.runSuites(TestNG.java:1069)
at org.testng.TestNG.run(TestNG.java:1037)
at org.testng.remote.AbstractRemoteTestNG.run(AbstractRemoteTestNG.java:115)
at org.testng.remote.RemoteTestNG.initAndRun(RemoteTestNG.java:251)
at org.testng.remote.RemoteTestNG.main(RemoteTestNG.java:77)
]]>
    </failure>
  </testcase> <!-- setDepartureDate -->
  <testcase classname="com.testscenarios.CabBooking" name="selectTime" time="2.048"/>
  <testcase classname="com.testscenarios.CabBooking" name="clickSearchButton" time="5.481"/>
  <testcase classname="com.testscenarios.CabBooking" name="setCabType" time="2.771"/>
  <testcase classname="com.testscenarios.CabBooking" name="setSortByOption" time="1.256"/>
  <testcase classname="com.testscenarios.CabBooking" name="getLowestPrice" time="0.538"/>
</testsuite> <!-- Default test -->
