<?xml version="1.0" encoding="UTF-8"?>
<!-- Generated by org.testng.reporters.JUnitXMLReporter -->
<testsuite ignored="0" hostname="DESKTOP-L4VQFKD" failures="0" tests="11" name="Scenario1" time="36.418" errors="0" timestamp="2021-06-08T19:34:19 IST">
  <testcase classname="com.testscenarios.CabBooking" name="readExcelFile" time="1.869"/>
  <testcase classname="com.testscenarios.CabBooking" name="selectCabs" time="2.593"/>
  <testcase classname="com.testscenarios.CabBooking" name="setSourceCity" time="0.83"/>
  <testcase classname="com.testscenarios.CabBooking" name="verifyTitle" time="0.016"/>
  <testcase classname="com.testscenarios.CabBooking" name="setDestinationCity" time="0.648"/>
  <testcase classname="com.testscenarios.CabBooking" name="setDepartureDate" time="0.412"/>
  <testcase classname="com.testscenarios.CabBooking" name="selectTime" time="2.313"/>
  <testcase classname="com.testscenarios.CabBooking" name="clickSearchButton" time="3.255"/>
  <testcase classname="com.testscenarios.CabBooking" name="setCabType" time="2.564"/>
  <testcase classname="com.testscenarios.CabBooking" name="setSortByOption" time="0.526"/>
  <testcase classname="com.testscenarios.CabBooking" name="getLowestPrice" time="0.514"/>
</testsuite> <!-- Scenario1 -->
