<?xml version="1.0" encoding="UTF-8"?>
<!-- Generated by org.testng.reporters.JUnitXMLReporter -->
<testsuite ignored="0" hostname="DESKTOP-L4VQFKD" failures="0" tests="5" name="Scenario3" time="34.637" errors="0" timestamp="2021-06-08T19:35:11 IST">
  <testcase classname="com.testscenarios.GiftCardValidation" name="clickGiftCard" time="13.798"/>
  <testcase classname="com.testscenarios.GiftCardValidation" name="verifyTitle" time="0.007"/>
  <testcase classname="com.testscenarios.GiftCardValidation" name="switchToGiftCard" time="0.014"/>
  <testcase classname="com.testscenarios.GiftCardValidation" name="validateForm" time="6.54"/>
  <testcase classname="com.testscenarios.GiftCardValidation" name="validateReceiverDetails" time="0.143"/>
</testsuite> <!-- Scenario3 -->
