<?xml version="1.0" encoding="UTF-8"?>
<!-- Generated by org.testng.reporters.JUnitXMLReporter -->
<testsuite ignored="0" hostname="DESKTOP-L4VQFKD" failures="0" tests="3" name="Scenario2" time="16.6" errors="0" timestamp="2021-06-08T19:34:36 IST">
  <testcase classname="com.testscenarios.HotelBooking" name="selectHotels" time="1.888"/>
  <testcase classname="com.testscenarios.HotelBooking" name="verifyTitle" time="0.01"/>
  <testcase classname="com.testscenarios.HotelBooking" name="getNoAdults" time="1.095"/>
</testsuite> <!-- Scenario2 -->
